<?xml version="1.0" encoding="UTF-8"?>
<testng-results ignored="0" total="1" passed="1" failed="0" skipped="0">
  <reporter-output>
  </reporter-output>
  <suite started-at="2023-08-10T15:42:51 IST" name="AllTestCasses" finished-at="2023-08-10T15:43:43 IST" duration-ms="52228">
    <groups>
    </groups>
    <test started-at="2023-08-10T15:42:51 IST" name="BankingTest1" finished-at="2023-08-10T15:43:43 IST" duration-ms="52228">
      <class name="TestCases.LoginTest">
        <test-method is-config="true" signature="setup()[pri:0, instance:TestCases.LoginTest@593aaf41]" started-at="2023-08-10T15:42:51 IST" name="setup" finished-at="2023-08-10T15:43:04 IST" duration-ms="12534" status="PASS">
          <reporter-output>
          </reporter-output>
        </test-method> <!-- setup -->
        <test-method signature="loginTest()[pri:0, instance:TestCases.LoginTest@593aaf41]" started-at="2023-08-10T15:43:04 IST" name="loginTest" finished-at="2023-08-10T15:43:42 IST" duration-ms="38178" status="PASS">
          <reporter-output>
          </reporter-output>
        </test-method> <!-- loginTest -->
        <test-method is-config="true" signature="tearup()[pri:0, instance:TestCases.LoginTest@593aaf41]" started-at="2023-08-10T15:43:42 IST" name="tearup" finished-at="2023-08-10T15:43:43 IST" duration-ms="780" status="PASS">
          <reporter-output>
          </reporter-output>
        </test-method> <!-- tearup -->
      </class> <!-- TestCases.LoginTest -->
    </test> <!-- BankingTest1 -->
  </suite> <!-- AllTestCasses -->
</testng-results>
