<?xml version="1.0" encoding="UTF-8"?>
<testng-results skipped="0" failed="0" ignored="0" total="1" passed="1">
  <reporter-output>
  </reporter-output>
  <suite name="Default suite" duration-ms="60133" started-at="2023-08-10T10:21:30 IST" finished-at="2023-08-10T10:22:30 IST">
    <groups>
    </groups>
    <test name="Default test" duration-ms="60133" started-at="2023-08-10T10:21:30 IST" finished-at="2023-08-10T10:22:30 IST">
      <class name="TestCases.AddNewCustomerTest">
        <test-method status="PASS" signature="setup()[pri:0, instance:TestCases.AddNewCustomerTest@17211155]" name="setup" is-config="true" duration-ms="12034" started-at="2023-08-10T10:21:30 IST" finished-at="2023-08-10T10:21:42 IST">
          <reporter-output>
          </reporter-output>
        </test-method> <!-- setup -->
        <test-method status="PASS" signature="addNewCustomer()[pri:0, instance:TestCases.AddNewCustomerTest@17211155]" name="addNewCustomer" duration-ms="46670" started-at="2023-08-10T10:21:42 IST" finished-at="2023-08-10T10:22:29 IST">
          <reporter-output>
          </reporter-output>
        </test-method> <!-- addNewCustomer -->
        <test-method status="PASS" signature="tearup()[pri:0, instance:TestCases.AddNewCustomerTest@17211155]" name="tearup" is-config="true" duration-ms="1308" started-at="2023-08-10T10:22:29 IST" finished-at="2023-08-10T10:22:30 IST">
          <reporter-output>
          </reporter-output>
        </test-method> <!-- tearup -->
      </class> <!-- TestCases.AddNewCustomerTest -->
    </test> <!-- Default test -->
  </suite> <!-- Default suite -->
</testng-results>
